[0.008s] Invoking command in '/home/ziyang/work_space/mtc_controller_final/build/mtc_dynamic': CMAKE_PREFIX_PATH=${CMAKE_PREFIX_PATH}:/opt/ros/humble /usr/bin/cmake --build /home/ziyang/work_space/mtc_controller_final/build/mtc_dynamic -- -j32 -l32
[0.041s] [ 18%] Built target pick_place_demo_parameters
[0.042s] [ 36%] Built target collectEnvDemo_parameters
[0.052s] [35m[1mConsolidate compiler generated dependencies of target mtc_dynamic_pick_place_task[0m
[0.070s] [ 45%] [32mBuilding CXX object CMakeFiles/mtc_dynamic_pick_place_task.dir/src/pick_place_task.cpp.o[0m
[3.756s] [01m[K/home/ziyang/work_space/mtc_controller_final/src/src/pick_place_task.cpp:[m[K In member function â€˜[01m[Kbool mtc_dynamic::PickPlaceTask::init(const SharedPtr&, const pick_place_task_demo::Params&)[m[Kâ€™:
[3.756s] [01m[K/home/ziyang/work_space/mtc_controller_final/src/src/pick_place_task.cpp:579:13:[m[K [01;31m[Kerror: [m[Kâ€˜[01m[Kq[m[Kâ€™ was not declared in this scope
[3.756s]   579 |             [01;31m[Kq[m[K.setRPY(0, 0, M_PI/2);
[3.756s]       |             [01;31m[K^[m[K
[8.040s] gmake[2]: *** [CMakeFiles/mtc_dynamic_pick_place_task.dir/build.make:76: CMakeFiles/mtc_dynamic_pick_place_task.dir/src/pick_place_task.cpp.o] Error 1
[8.040s] gmake[1]: *** [CMakeFiles/Makefile2:145: CMakeFiles/mtc_dynamic_pick_place_task.dir/all] Error 2
[8.041s] gmake: *** [Makefile:146: all] Error 2
[8.042s] Invoked command in '/home/ziyang/work_space/mtc_controller_final/build/mtc_dynamic' returned '2': CMAKE_PREFIX_PATH=${CMAKE_PREFIX_PATH}:/opt/ros/humble /usr/bin/cmake --build /home/ziyang/work_space/mtc_controller_final/build/mtc_dynamic -- -j32 -l32
